<?xml version="1.0" encoding="UTF-8"?>
<!-- Generated by org.testng.reporters.JUnitReportReporter -->
<testsuite hostname="DESKTOP-CJ5QOU7" failures="0" tests="1" name="JiraTest" time="3.028" errors="0" timestamp="2024-04-15T17:58:07 IST" skipped="0">
  <testcase classname="JiraTest" name="jiraWorking" time="3.028"/>
</testsuite> <!-- JiraTest -->
