<?xml version="1.0" encoding="UTF-8"?>
<!-- Generated by org.testng.reporters.JUnitReportReporter -->
<testsuite hostname="DESKTOP-CJ5QOU7" failures="0" tests="1" name="SumValidation" time="1.475" errors="0" timestamp="2024-04-08T08:53:46 IST" skipped="0">
  <testcase classname="SumValidation" name="sumOfCourses" time="1.475"/>
</testsuite> <!-- SumValidation -->
