<?xml version="1.0" encoding="UTF-8"?>
<!-- Generated by org.testng.reporters.JUnitReportReporter -->
<testsuite hostname="DESKTOP-CJ5QOU7" failures="0" tests="3" name="DynamicJson" time="3.329" errors="0" timestamp="2024-04-11T07:53:24 IST" skipped="0">
  <testcase classname="DynamicJson" name="addBook" time="0.177"/>
  <testcase classname="DynamicJson" name="addBook" time="0.160"/>
  <testcase classname="DynamicJson" name="addBook" time="2.992"/>
</testsuite> <!-- DynamicJson -->
